# JRE version: Java(TM) SE Runtime Environment (13.0.2+8) (build 13.0.2+8)
# Java VM: Java HotSpot(TM) 64-Bit Server VM (13.0.2+8, mixed mode, sharing, tiered, compressed oops, g1 gc, windows-amd64)
Heap:
 garbage-first heap   total 66560K, used 23773K [0x0000000081e00000, 0x0000000100000000)
  region size 1024K, 8 young (8192K), 1 survivors (1024K)
 Metaspace       used 36636K, capacity 38169K, committed 38268K, reserved 1081344K
  class space    used 4951K, capacity 5550K, committed 5632K, reserved 1048576K
GC Heap History (20 events):
Event: 10.876 GC heap before
{Heap before GC invocations=10 (full 0):
 garbage-first heap   total 46080K, used 33857K [0x0000000081e00000, 0x0000000100000000)
  region size 1024K, 21 young (21504K), 3 survivors (3072K)
 Metaspace       used 27627K, capacity 28850K, committed 29104K, reserved 1075200K
  class space    used 3509K, capacity 4017K, committed 4096K, reserved 1048576K
}
Event: 10.895 GC heap after
{Heap after GC invocations=11 (full 0):
 garbage-first heap   total 46080K, used 16551K [0x0000000081e00000, 0x0000000100000000)
  region size 1024K, 3 young (3072K), 3 survivors (3072K)
 Metaspace       used 27627K, capacity 28850K, committed 29104K, reserved 1075200K
  class space    used 3509K, capacity 4017K, committed 4096K, reserved 1048576K
}
Event: 11.464 GC heap before
{Heap before GC invocations=11 (full 0):
 garbage-first heap   total 46080K, used 33959K [0x0000000081e00000, 0x0000000100000000)
  region size 1024K, 20 young (20480K), 3 survivors (3072K)
 Metaspace       used 28056K, capacity 29350K, committed 29488K, reserved 1075200K
  class space    used 3566K, capacity 4098K, committed 4224K, reserved 1048576K
}
Event: 11.473 GC heap after
{Heap after GC invocations=12 (full 0):
 garbage-first heap   total 46080K, used 17255K [0x0000000081e00000, 0x0000000100000000)
  region size 1024K, 2 young (2048K), 2 survivors (2048K)
 Metaspace       used 28056K, capacity 29350K, committed 29488K, reserved 1075200K
  class space    used 3566K, capacity 4098K, committed 4224K, reserved 1048576K
}
Event: 12.146 GC heap before
{Heap before GC invocations=12 (full 0):
 garbage-first heap   total 46080K, used 35687K [0x0000000081e00000, 0x0000000100000000)
  region size 1024K, 20 young (20480K), 2 survivors (2048K)
 Metaspace       used 29044K, capacity 30380K, committed 30640K, reserved 1075200K
  class space    used 3698K, capacity 4229K, committed 4352K, reserved 1048576K
}
Event: 12.158 GC heap after
{Heap after GC invocations=13 (full 0):
 garbage-first heap   total 46080K, used 18269K [0x0000000081e00000, 0x0000000100000000)
  region size 1024K, 2 young (2048K), 2 survivors (2048K)
 Metaspace       used 29044K, capacity 30380K, committed 30640K, reserved 1075200K
  class space    used 3698K, capacity 4229K, committed 4352K, reserved 1048576K
}
Event: 12.722 GC heap before
{Heap before GC invocations=13 (full 0):
 garbage-first heap   total 46080K, used 35677K [0x0000000081e00000, 0x0000000100000000)
  region size 1024K, 19 young (19456K), 2 survivors (2048K)
 Metaspace       used 29471K, capacity 30839K, committed 31152K, reserved 1077248K
  class space    used 3746K, capacity 4294K, committed 4352K, reserved 1048576K
}
Event: 12.732 GC heap after
{Heap after GC invocations=14 (full 0):
 garbage-first heap   total 46080K, used 19055K [0x0000000081e00000, 0x0000000100000000)
  region size 1024K, 2 young (2048K), 2 survivors (2048K)
 Metaspace       used 29471K, capacity 30839K, committed 31152K, reserved 1077248K
  class space    used 3746K, capacity 4294K, committed 4352K, reserved 1048576K
}
Event: 13.789 GC heap before
{Heap before GC invocations=14 (full 0):
 garbage-first heap   total 46080K, used 36463K [0x0000000081e00000, 0x0000000100000000)
  region size 1024K, 19 young (19456K), 2 survivors (2048K)
 Metaspace       used 30086K, capacity 31400K, committed 31536K, reserved 1077248K
  class space    used 3833K, capacity 4374K, committed 4480K, reserved 1048576K
}
Event: 13.801 GC heap after
{Heap after GC invocations=15 (full 0):
 garbage-first heap   total 55296K, used 20104K [0x0000000081e00000, 0x0000000100000000)
  region size 1024K, 2 young (2048K), 2 survivors (2048K)
 Metaspace       used 30086K, capacity 31400K, committed 31536K, reserved 1077248K
  class space    used 3833K, capacity 4374K, committed 4480K, reserved 1048576K
}
Event: 14.443 GC heap before
{Heap before GC invocations=15 (full 0):
 garbage-first heap   total 55296K, used 39560K [0x0000000081e00000, 0x0000000100000000)
  region size 1024K, 21 young (21504K), 2 survivors (2048K)
 Metaspace       used 30900K, capacity 32317K, committed 32432K, reserved 1077248K
  class space    used 3944K, capacity 4502K, committed 4608K, reserved 1048576K
}
Event: 14.454 GC heap after
{Heap after GC invocations=16 (full 0):
 garbage-first heap   total 55296K, used 20430K [0x0000000081e00000, 0x0000000100000000)
  region size 1024K, 2 young (2048K), 2 survivors (2048K)
 Metaspace       used 30900K, capacity 32317K, committed 32432K, reserved 1077248K
  class space    used 3944K, capacity 4502K, committed 4608K, reserved 1048576K
}
Event: 14.961 GC heap before
{Heap before GC invocations=16 (full 0):
 garbage-first heap   total 55296K, used 39886K [0x0000000081e00000, 0x0000000100000000)
  region size 1024K, 21 young (21504K), 2 survivors (2048K)
 Metaspace       used 32595K, capacity 34031K, committed 34224K, reserved 1079296K
  class space    used 4223K, capacity 4775K, committed 4864K, reserved 1048576K
}
Event: 14.970 GC heap after
{Heap after GC invocations=17 (full 0):
 garbage-first heap   total 55296K, used 20695K [0x0000000081e00000, 0x0000000100000000)
  region size 1024K, 2 young (2048K), 2 survivors (2048K)
 Metaspace       used 32595K, capacity 34031K, committed 34224K, reserved 1079296K
  class space    used 4223K, capacity 4775K, committed 4864K, reserved 1048576K
}
Event: 15.578 GC heap before
{Heap before GC invocations=17 (full 0):
 garbage-first heap   total 55296K, used 39127K [0x0000000081e00000, 0x0000000100000000)
  region size 1024K, 21 young (21504K), 2 survivors (2048K)
 Metaspace       used 34236K, capacity 35673K, committed 35708K, reserved 1079296K
  class space    used 4535K, capacity 5106K, committed 5120K, reserved 1048576K
}
Event: 15.590 GC heap after
{Heap after GC invocations=18 (full 0):
 garbage-first heap   total 55296K, used 21064K [0x0000000081e00000, 0x0000000100000000)
  region size 1024K, 2 young (2048K), 2 survivors (2048K)
 Metaspace       used 34236K, capacity 35673K, committed 35708K, reserved 1079296K
  class space    used 4535K, capacity 5106K, committed 5120K, reserved 1048576K
}
Event: 16.101 GC heap before
{Heap before GC invocations=19 (full 0):
 garbage-first heap   total 55296K, used 41544K [0x0000000081e00000, 0x0000000100000000)
  region size 1024K, 22 young (22528K), 2 survivors (2048K)
 Metaspace       used 35584K, capacity 37063K, committed 37372K, reserved 1081344K
  class space    used 4789K, capacity 5394K, committed 5504K, reserved 1048576K
}
Event: 16.111 GC heap after
{Heap after GC invocations=20 (full 0):
 garbage-first heap   total 66560K, used 21441K [0x0000000081e00000, 0x0000000100000000)
  region size 1024K, 2 young (2048K), 2 survivors (2048K)
 Metaspace       used 35584K, capacity 37063K, committed 37372K, reserved 1081344K
  class space    used 4789K, capacity 5394K, committed 5504K, reserved 1048576K
}
Event: 16.185 GC heap before
{Heap before GC invocations=20 (full 0):
 garbage-first heap   total 66560K, used 22465K [0x0000000081e00000, 0x0000000100000000)
  region size 1024K, 3 young (3072K), 2 survivors (2048K)
 Metaspace       used 35688K, capacity 37160K, committed 37372K, reserved 1081344K
  class space    used 4810K, capacity 5405K, committed 5504K, reserved 1048576K
}
Event: 16.212 GC heap after
{Heap after GC invocations=21 (full 0):
 garbage-first heap   total 66560K, used 18653K [0x0000000081e00000, 0x0000000100000000)
  region size 1024K, 1 young (1024K), 1 survivors (1024K)
 Metaspace       used 35688K, capacity 37160K, committed 37372K, reserved 1081344K
  class space    used 4810K, capacity 5405K, committed 5504K, reserved 1048576K
}

